sentiment
neutral     0.473282
positive    0.303059
negative    0.223659
Name: proportion, dtype: float64
sentiment
neutral     0.502435
positive    0.342076
negative    0.155489
Name: proportion, dtype: float64
agreement
True     0.654834
False    0.345166
Name: proportion, dtype: float64
0.5700513052239707
Accuracy: 0.6198
Accuracy: 0.8115
              precision    recall  f1-score   support

    negative       0.85      0.70      0.77      1077
     neutral       0.79      0.86      0.82      2597
    positive       0.82      0.82      0.82      1850

    accuracy                           0.81      5524
   macro avg       0.82      0.79      0.80      5524
weighted avg       0.81      0.81      0.81      5524

[[ 751  257   69]
 [ 106 2223  268]
 [  22  319 1509]]
